<?xml version="1.0" encoding="UTF-8"?>
<testng-results ignored="0" total="1" passed="0" failed="1" skipped="0">
  <reporter-output>
  </reporter-output>
  <suite started-at="2023-05-16T02:47:03Z" name="M_Andre_Naufal_2110010052" finished-at="2023-05-16T02:47:04Z" duration-ms="289">
    <groups>
    </groups>
    <test started-at="2023-05-16T02:47:03Z" name="TestNG tests" finished-at="2023-05-16T02:47:04Z" duration-ms="289">
      <class name="m_andre_naufal_2110010052.M_Andre_Naufal_2110010052NGTest">
        <test-method is-config="true" signature="setUpClass()[pri:0, instance:m_andre_naufal_2110010052.M_Andre_Naufal_2110010052NGTest@35d176f7]" started-at="2023-05-16T02:47:03Z" name="setUpClass" finished-at="2023-05-16T02:47:04Z" duration-ms="15" status="PASS">
          <reporter-output>
          </reporter-output>
        </test-method> <!-- setUpClass -->
        <test-method is-config="true" signature="setUpMethod()[pri:0, instance:m_andre_naufal_2110010052.M_Andre_Naufal_2110010052NGTest@35d176f7]" started-at="2023-05-16T02:47:04Z" name="setUpMethod" finished-at="2023-05-16T02:47:04Z" duration-ms="1" status="PASS">
          <reporter-output>
          </reporter-output>
        </test-method> <!-- setUpMethod -->
        <test-method signature="testMain()[pri:0, instance:m_andre_naufal_2110010052.M_Andre_Naufal_2110010052NGTest@35d176f7]" started-at="2023-05-16T02:47:04Z" name="testMain" finished-at="2023-05-16T02:47:04Z" duration-ms="18" status="FAIL">
          <exception class="java.util.NoSuchElementException">
            <message>
              <![CDATA[No line found]]>
            </message>
            <full-stacktrace>
              <![CDATA[java.util.NoSuchElementException: No line found
at java.base/java.util.Scanner.nextLine(Scanner.java:1651)
at m_andre_naufal_2110010052.M_Andre_Naufal_2110010052.main(M_Andre_Naufal_2110010052.java:29)
at m_andre_naufal_2110010052.M_Andre_Naufal_2110010052NGTest.testMain(M_Andre_Naufal_2110010052NGTest.java:46)
at java.base/jdk.internal.reflect.NativeMethodAccessorImpl.invoke0(Native Method)
at java.base/jdk.internal.reflect.NativeMethodAccessorImpl.invoke(NativeMethodAccessorImpl.java:77)
at java.base/jdk.internal.reflect.DelegatingMethodAccessorImpl.invoke(DelegatingMethodAccessorImpl.java:43)
at java.base/java.lang.reflect.Method.invoke(Method.java:568)
at org.testng.internal.MethodInvocationHelper.invokeMethod(MethodInvocationHelper.java:124)
at org.testng.internal.Invoker.invokeMethod(Invoker.java:583)
at org.testng.internal.Invoker.invokeTestMethod(Invoker.java:719)
at org.testng.internal.Invoker.invokeTestMethods(Invoker.java:989)
at org.testng.internal.TestMethodWorker.invokeTestMethods(TestMethodWorker.java:125)
at org.testng.internal.TestMethodWorker.run(TestMethodWorker.java:109)
at org.testng.TestRunner.privateRun(TestRunner.java:648)
at org.testng.TestRunner.run(TestRunner.java:505)
at org.testng.SuiteRunner.runTest(SuiteRunner.java:455)
at org.testng.SuiteRunner.runSequentially(SuiteRunner.java:450)
at org.testng.SuiteRunner.privateRun(SuiteRunner.java:415)
at org.testng.SuiteRunner.run(SuiteRunner.java:364)
at org.testng.SuiteRunnerWorker.runSuite(SuiteRunnerWorker.java:52)
at org.testng.SuiteRunnerWorker.run(SuiteRunnerWorker.java:84)
at org.testng.TestNG.runSuitesSequentially(TestNG.java:1208)
at org.testng.TestNG.runSuitesLocally(TestNG.java:1137)
at org.testng.TestNG.runSuites(TestNG.java:1049)
at org.testng.TestNG.run(TestNG.java:1017)
at org.testng.TestNG.privateMain(TestNG.java:1354)
at org.testng.TestNG.main(TestNG.java:1323)
]]>
            </full-stacktrace>
          </exception> <!-- java.util.NoSuchElementException -->
          <reporter-output>
          </reporter-output>
        </test-method> <!-- testMain -->
        <test-method is-config="true" signature="tearDownMethod()[pri:0, instance:m_andre_naufal_2110010052.M_Andre_Naufal_2110010052NGTest@35d176f7]" started-at="2023-05-16T02:47:04Z" name="tearDownMethod" finished-at="2023-05-16T02:47:04Z" duration-ms="1" status="PASS">
          <reporter-output>
          </reporter-output>
        </test-method> <!-- tearDownMethod -->
        <test-method is-config="true" signature="tearDownClass()[pri:0, instance:m_andre_naufal_2110010052.M_Andre_Naufal_2110010052NGTest@35d176f7]" started-at="2023-05-16T02:47:04Z" name="tearDownClass" finished-at="2023-05-16T02:47:04Z" duration-ms="200" status="PASS">
          <reporter-output>
          </reporter-output>
        </test-method> <!-- tearDownClass -->
      </class> <!-- m_andre_naufal_2110010052.M_Andre_Naufal_2110010052NGTest -->
    </test> <!-- TestNG tests -->
  </suite> <!-- M_Andre_Naufal_2110010052 -->
</testng-results>
